<?xml version="1.0" encoding="UTF-8"?>
<!-- Generated by org.testng.reporters.JUnitReportReporter -->
<testsuite hostname="DESKTOP-5R4M8HH" name="TestCases.AppiumTest" tests="2" failures="0" timestamp="17 May 2019 04:15:10 GMT" time="0.018" errors="0">
  <testcase name="IosAppr" time="0.016" classname="TestCases.AppiumTest"/>
  <testcase name="NativeApp" time="0.002" classname="TestCases.AppiumTest"/>
</testsuite> <!-- TestCases.AppiumTest -->
