<?xml version="1.0" encoding="UTF-8"?>
<!-- Generated by org.testng.reporters.JUnitReportReporter -->
<testsuite skipped="0" hostname="DESKTOP-5R4M8HH" name="TestCases.SeleniumTest" tests="2" failures="0" timestamp="02 May 2019 00:39:03 GMT" time="0.001" errors="0">
  <testcase name="BrowserAutomation" time="0.000" classname="TestCases.SeleniumTest"/>
  <testcase name="elementsUi" time="0.001" classname="TestCases.SeleniumTest"/>
</testsuite> <!-- TestCases.SeleniumTest -->
