<?xml version="1.0" encoding="UTF-8"?>
<!-- Generated by org.testng.reporters.JUnitReportReporter -->
<testsuite skipped="0" hostname="DESKTOP-5R4M8HH" name="TestCases.ApiTest" tests="2" failures="0" timestamp="02 May 2019 00:37:58 GMT" time="0.007" errors="0">
  <testcase name="postjira" time="0.000" classname="TestCases.ApiTest"/>
  <testcase name="DeleteTwitter" time="0.007" classname="TestCases.ApiTest"/>
</testsuite> <!-- TestCases.ApiTest -->
